[    1054ms] [LOG] %c
              ....  ...-....... . . .
              . ..:====++====+:.....
         ......:=====+=+==**++==++.     .
           ..:-=+*-.+++==*=...:===+:.    .
          ..:==*-.  . . ....  ...==++.
         ..:-+#:.   ...      .....-=+:...
          .--*+  .:==+.. ...:++=+:.++*.
        . .-=++.  ..+=*:...-+*+:=..+++=-=-. .       .
    ....-======+-:-==++.. .-++-...-++=++++.    ..      .                                           .
     .-==+++=+=+*=:-:... . .-+=+===+#*#....   ......                           ..
...-====+*.....:..          ..:=+*+===+*-.-+=-=*++**=-........................:-+=..................:-=. ..
..--==++++.. .  .           .... .---+*#*+=*#+=++***+****+++++++++=========---==+#*++++============-=+**=..
..:-===+**:.   .. .          . ...---+*##+=***=****++******+++++++=========---==+#*+++++=========---=+#%%#-
 ..---==+*.  ..:.   .      . ..::-*===+*+:-++==+*+**++=---==--=----------------=+**++++++=============**-.
.   ..-===+-:=++*:::....    .=+====+##@+  ... ..:.....  ..   ......  .  .... . .::.---===========++..--. ..
      ..:======++=-===-. ..:++#:.-====+=+:.                                      ..==--==========++...
       . ..==+*.....==+:. .-+*:....+==*+=*..                                   .  .==-=-========+=+...
    ..  ...--++. .:===+.....-*+=+*.==*-....                                    .. . ..=-=======-.  ...
          ..-=*.. ....       ..=-..=+#. .                                        ..==:==+====-=+::=.. .
          ...==*:. .. ..     .  .:==*..                                         . .=-==+**:...===-+.  .
            ..-=++:.:==:=-.. ..:+==*..                                           ..=-==+*+....:===+....
              .:-=====++==++=+===+=.                                              .:===++++. :===++.
         . .... ..:==========+++:..                                            .  .... ...   ..... .. .
                   ....=-...... .
%c


           ***
            ***                              *                                                                                           *
             **               **            ***                                                                                         **
             **               **             *                                                                                          **
             **                **    ***              ****       ***  ****                 ****              ***  ****                ********
   ****      **       ****      **    ***  ***       * **** *     **** **** *    ***      * **** *    ***     **** **** *    ****    ********
  * ***  *   **      * ***  *   **     ***  ***     **  ****       **   ****    * ***    **  ****    * ***     **   ****    * ***  *    **
 *   ****    **     *   ****    **      **   **    ****            **          *   ***  ****        *   ***    **          *   ****     **
**           **    **    **     **      **   **      ***           **         **    ***   ***      **    ***   **         **    **      **
**           **    **    **     **      **   **        ***         **         ********      ***    ********    **         **    **      **
**           **    **    **     **      **   **          ***       **         *******         ***  *******     **         **    **      **
**           **    **    **     **      *    **     ****  **       **         **         ****  **  **          **         **    **      **
***     *    **    **    **      *******     **    * **** *        ***        ****    * * **** *   ****    *   ***        **    **      **
 *******     *** *  ***** **      *****      *** *    ****          ***        *******     ****     *******     ***        ***** **      **
  *****       ***    ***   **                 ***                               *****                *****                  ***   **





 font-family:monospace; font-size: 8px; color: rgba(26,26,26); font-family:monospace; font-size: 7px; color: rgba(26,26,26); @ https://cdn.shopify.com/oxygen-v2/47215/49013/102837/3596724/assets/(_locale).editions.winter2026-BZvZfjnr.js:51
